<?xml version="1.0" encoding="UTF-8"?>
<!-- Generated by org.testng.reporters.JUnitReportReporter -->
<testsuite hostname="SF-LAP-497" failures="0" tests="2" name="ecommerce.Testclasses.LoginTest" time="9.383" errors="0" timestamp="2024-07-09T15:59:11 IST" skipped="0">
  <testcase classname="ecommerce.Testclasses.LoginTest" name="navigatetoLoginpageTest" time="2.118"/>
  <testcase classname="ecommerce.Testclasses.LoginTest" name="loginWithValidCredentialsTest" time="7.265"/>
</testsuite> <!-- ecommerce.Testclasses.LoginTest -->
